0 info it worked if it ends with ok
1 verbose cli [ '/usr/local/bin/node',
1 verbose cli   '/usr/local/bin/npm',
1 verbose cli   'install',
1 verbose cli   '-g',
1 verbose cli   'http-server' ]
2 info using npm@3.3.6
3 info using node@v5.0.0
4 silly loadCurrentTree Starting
5 silly install loadCurrentTree
6 silly install readGlobalPackageData
7 silly fetchPackageMetaData http-server
8 silly fetchNamedPackageData http-server
9 silly mapToRegistry name http-server
10 silly mapToRegistry using default registry
11 silly mapToRegistry registry https://registry.npmjs.org/
12 silly mapToRegistry uri https://registry.npmjs.org/http-server
13 verbose request uri https://registry.npmjs.org/http-server
14 verbose request no auth needed
15 info attempt registry request try #1 at 8:11:24 AM
16 verbose request id 3b213257d99f06b0
17 verbose etag "2PRPNT7HKJYVPMF42HT0HBCK9"
18 http request GET https://registry.npmjs.org/http-server
19 http 304 https://registry.npmjs.org/http-server
20 verbose headers { date: 'Wed, 04 Nov 2015 05:11:26 GMT',
20 verbose headers   via: '1.1 varnish',
20 verbose headers   'cache-control': 'max-age=60',
20 verbose headers   etag: '"2PRPNT7HKJYVPMF42HT0HBCK9"',
20 verbose headers   age: '0',
20 verbose headers   connection: 'keep-alive',
20 verbose headers   'x-served-by': 'cache-lhr6333-LHR',
20 verbose headers   'x-cache': 'MISS',
20 verbose headers   'x-cache-hits': '0',
20 verbose headers   'x-timer': 'S1446613886.290289,VS0,VE623',
20 verbose headers   vary: 'Accept' }
21 silly get cb [ 304,
21 silly get   { date: 'Wed, 04 Nov 2015 05:11:26 GMT',
21 silly get     via: '1.1 varnish',
21 silly get     'cache-control': 'max-age=60',
21 silly get     etag: '"2PRPNT7HKJYVPMF42HT0HBCK9"',
21 silly get     age: '0',
21 silly get     connection: 'keep-alive',
21 silly get     'x-served-by': 'cache-lhr6333-LHR',
21 silly get     'x-cache': 'MISS',
21 silly get     'x-cache-hits': '0',
21 silly get     'x-timer': 'S1446613886.290289,VS0,VE623',
21 silly get     vary: 'Accept' } ]
22 verbose etag https://registry.npmjs.org/http-server from cache
23 verbose get saving http-server to /Users/bryomckim/.npm/registry.npmjs.org/http-server/.cache.json
24 silly install normalizeTree
25 silly loadCurrentTree Finishing
26 silly loadIdealTree Starting
27 silly install loadIdealTree
28 silly cloneCurrentTree Starting
29 silly install cloneCurrentTreeToIdealTree
30 silly cloneCurrentTree Finishing
31 silly loadShrinkwrap Starting
32 silly install loadShrinkwrap
33 silly loadShrinkwrap Finishing
34 silly loadAllDepsIntoIdealTree Starting
35 silly install loadAllDepsIntoIdealTree
36 silly resolveWithNewModule http-server@0.8.5 checking installable status
37 silly cache add args [ 'http-server', null ]
38 verbose cache add spec http-server
39 silly cache add parsed spec Result {
39 silly cache add   raw: 'http-server',
39 silly cache add   scope: null,
39 silly cache add   name: 'http-server',
39 silly cache add   rawSpec: '',
39 silly cache add   spec: '*',
39 silly cache add   type: 'range' }
40 silly addNamed http-server@*
41 verbose addNamed "*" is a valid semver range for http-server
42 silly addNameRange { name: 'http-server', range: '*', hasData: false }
43 silly mapToRegistry name http-server
44 silly mapToRegistry using default registry
45 silly mapToRegistry registry https://registry.npmjs.org/
46 silly mapToRegistry uri https://registry.npmjs.org/http-server
47 verbose addNameRange registry:https://registry.npmjs.org/http-server not in flight; fetching
48 verbose get https://registry.npmjs.org/http-server not expired, no request
49 silly addNameRange number 2 { name: 'http-server', range: '*', hasData: true }
50 silly addNameRange versions [ 'http-server',
50 silly addNameRange   [ '0.1.0',
50 silly addNameRange     '0.1.1',
50 silly addNameRange     '0.1.3',
50 silly addNameRange     '0.2.1',
50 silly addNameRange     '0.2.2',
50 silly addNameRange     '0.2.3',
50 silly addNameRange     '0.2.4',
50 silly addNameRange     '0.2.5',
50 silly addNameRange     '0.2.6',
50 silly addNameRange     '0.2.9',
50 silly addNameRange     '0.3.0',
50 silly addNameRange     '0.4.0',
50 silly addNameRange     '0.4.1',
50 silly addNameRange     '0.5.0',
50 silly addNameRange     '0.5.1',
50 silly addNameRange     '0.5.2',
50 silly addNameRange     '0.5.3',
50 silly addNameRange     '0.5.5',
50 silly addNameRange     '0.6.0',
50 silly addNameRange     '0.6.1',
50 silly addNameRange     '0.7.0',
50 silly addNameRange     '0.7.1',
50 silly addNameRange     '0.7.2',
50 silly addNameRange     '0.7.3',
50 silly addNameRange     '0.7.4',
50 silly addNameRange     '0.7.5',
50 silly addNameRange     '0.8.0',
50 silly addNameRange     '0.8.1',
50 silly addNameRange     '0.8.2',
50 silly addNameRange     '0.8.3',
50 silly addNameRange     '0.8.4',
50 silly addNameRange     '0.8.5' ] ]
51 silly addNamed http-server@0.8.5
52 verbose addNamed "0.8.5" is a plain semver version for http-server
53 silly cache afterAdd http-server@0.8.5
54 verbose afterAdd /Users/bryomckim/.npm/http-server/0.8.5/package/package.json not in flight; writing
55 verbose afterAdd /Users/bryomckim/.npm/http-server/0.8.5/package/package.json written
56 silly fetchNamedPackageData colors
57 silly mapToRegistry name colors
58 silly mapToRegistry using default registry
59 silly mapToRegistry registry https://registry.npmjs.org/
60 silly mapToRegistry uri https://registry.npmjs.org/colors
61 silly fetchNamedPackageData optimist
62 silly mapToRegistry name optimist
63 silly mapToRegistry using default registry
64 silly mapToRegistry registry https://registry.npmjs.org/
65 silly mapToRegistry uri https://registry.npmjs.org/optimist
66 silly fetchNamedPackageData union
67 silly mapToRegistry name union
68 silly mapToRegistry using default registry
69 silly mapToRegistry registry https://registry.npmjs.org/
70 silly mapToRegistry uri https://registry.npmjs.org/union
71 silly fetchNamedPackageData ecstatic
72 silly mapToRegistry name ecstatic
73 silly mapToRegistry using default registry
74 silly mapToRegistry registry https://registry.npmjs.org/
75 silly mapToRegistry uri https://registry.npmjs.org/ecstatic
76 silly fetchNamedPackageData http-proxy
77 silly mapToRegistry name http-proxy
78 silly mapToRegistry using default registry
79 silly mapToRegistry registry https://registry.npmjs.org/
80 silly mapToRegistry uri https://registry.npmjs.org/http-proxy
81 silly fetchNamedPackageData portfinder
82 silly mapToRegistry name portfinder
83 silly mapToRegistry using default registry
84 silly mapToRegistry registry https://registry.npmjs.org/
85 silly mapToRegistry uri https://registry.npmjs.org/portfinder
86 silly fetchNamedPackageData opener
87 silly mapToRegistry name opener
88 silly mapToRegistry using default registry
89 silly mapToRegistry registry https://registry.npmjs.org/
90 silly mapToRegistry uri https://registry.npmjs.org/opener
91 silly fetchNamedPackageData corser
92 silly mapToRegistry name corser
93 silly mapToRegistry using default registry
94 silly mapToRegistry registry https://registry.npmjs.org/
95 silly mapToRegistry uri https://registry.npmjs.org/corser
96 verbose request uri https://registry.npmjs.org/colors
97 verbose request no auth needed
98 info attempt registry request try #1 at 8:11:27 AM
99 verbose etag "AF9TRY9LLDUDCCNCJF5OXVF5V"
100 http request GET https://registry.npmjs.org/colors
101 verbose request uri https://registry.npmjs.org/optimist
102 verbose request no auth needed
103 info attempt registry request try #1 at 8:11:27 AM
104 verbose etag "5WV7ZVC4062GINLNCRBLXCDL4"
105 http request GET https://registry.npmjs.org/optimist
106 verbose request uri https://registry.npmjs.org/union
107 verbose request no auth needed
108 info attempt registry request try #1 at 8:11:27 AM
109 verbose etag "B5B962KPHZEVZCYI0KM0HYHZX"
110 http request GET https://registry.npmjs.org/union
111 verbose request uri https://registry.npmjs.org/ecstatic
112 verbose request no auth needed
113 info attempt registry request try #1 at 8:11:27 AM
114 verbose etag "DPVI4N6AD6QQW38729LP0HZ9D"
115 http request GET https://registry.npmjs.org/ecstatic
116 verbose request uri https://registry.npmjs.org/portfinder
117 verbose request no auth needed
118 info attempt registry request try #1 at 8:11:27 AM
119 verbose etag "7SFCNVJMZBX6WVVKAFJPP1P26"
120 http request GET https://registry.npmjs.org/portfinder
121 verbose request uri https://registry.npmjs.org/http-proxy
122 verbose request no auth needed
123 info attempt registry request try #1 at 8:11:27 AM
124 verbose etag "EXM4BS152SL8DNKQ8NPR6VRG4"
125 http request GET https://registry.npmjs.org/http-proxy
126 verbose request uri https://registry.npmjs.org/opener
127 verbose request no auth needed
128 info attempt registry request try #1 at 8:11:27 AM
129 verbose etag "VH33S5MWWLVT4JELNVQT9VA3"
130 http request GET https://registry.npmjs.org/opener
131 verbose request uri https://registry.npmjs.org/corser
132 verbose request no auth needed
133 info attempt registry request try #1 at 8:11:27 AM
134 verbose etag "2RH28UBMJ5ERZ21YHHJR99K08"
135 http request GET https://registry.npmjs.org/corser
136 http 304 https://registry.npmjs.org/colors
137 verbose headers { date: 'Wed, 04 Nov 2015 05:11:29 GMT',
137 verbose headers   via: '1.1 varnish',
137 verbose headers   'cache-control': 'max-age=60',
137 verbose headers   etag: '"AF9TRY9LLDUDCCNCJF5OXVF5V"',
137 verbose headers   age: '38',
137 verbose headers   connection: 'keep-alive',
137 verbose headers   'x-served-by': 'cache-lhr6333-LHR',
137 verbose headers   'x-cache': 'HIT',
137 verbose headers   'x-cache-hits': '1',
137 verbose headers   'x-timer': 'S1446613889.533714,VS0,VE0',
137 verbose headers   vary: 'Accept' }
138 silly get cb [ 304,
138 silly get   { date: 'Wed, 04 Nov 2015 05:11:29 GMT',
138 silly get     via: '1.1 varnish',
138 silly get     'cache-control': 'max-age=60',
138 silly get     etag: '"AF9TRY9LLDUDCCNCJF5OXVF5V"',
138 silly get     age: '38',
138 silly get     connection: 'keep-alive',
138 silly get     'x-served-by': 'cache-lhr6333-LHR',
138 silly get     'x-cache': 'HIT',
138 silly get     'x-cache-hits': '1',
138 silly get     'x-timer': 'S1446613889.533714,VS0,VE0',
138 silly get     vary: 'Accept' } ]
139 verbose etag https://registry.npmjs.org/colors from cache
140 verbose get saving colors to /Users/bryomckim/.npm/registry.npmjs.org/colors/.cache.json
141 http 304 https://registry.npmjs.org/optimist
142 verbose headers { date: 'Wed, 04 Nov 2015 05:11:29 GMT',
142 verbose headers   via: '1.1 varnish',
142 verbose headers   'cache-control': 'max-age=60',
142 verbose headers   etag: '"5WV7ZVC4062GINLNCRBLXCDL4"',
142 verbose headers   age: '37',
142 verbose headers   connection: 'keep-alive',
142 verbose headers   'x-served-by': 'cache-lhr6330-LHR',
142 verbose headers   'x-cache': 'HIT',
142 verbose headers   'x-cache-hits': '1',
142 verbose headers   'x-timer': 'S1446613889.535991,VS0,VE0',
142 verbose headers   vary: 'Accept' }
143 silly get cb [ 304,
143 silly get   { date: 'Wed, 04 Nov 2015 05:11:29 GMT',
143 silly get     via: '1.1 varnish',
143 silly get     'cache-control': 'max-age=60',
143 silly get     etag: '"5WV7ZVC4062GINLNCRBLXCDL4"',
143 silly get     age: '37',
143 silly get     connection: 'keep-alive',
143 silly get     'x-served-by': 'cache-lhr6330-LHR',
143 silly get     'x-cache': 'HIT',
143 silly get     'x-cache-hits': '1',
143 silly get     'x-timer': 'S1446613889.535991,VS0,VE0',
143 silly get     vary: 'Accept' } ]
144 verbose etag https://registry.npmjs.org/optimist from cache
145 verbose get saving optimist to /Users/bryomckim/.npm/registry.npmjs.org/optimist/.cache.json
146 silly resolveWithNewModule colors@1.0.3 checking installable status
147 silly cache add args [ 'colors@1.0.3', null ]
148 verbose cache add spec colors@1.0.3
149 silly cache add parsed spec Result {
149 silly cache add   raw: 'colors@1.0.3',
149 silly cache add   scope: null,
149 silly cache add   name: 'colors',
149 silly cache add   rawSpec: '1.0.3',
149 silly cache add   spec: '1.0.3',
149 silly cache add   type: 'version' }
150 silly addNamed colors@1.0.3
151 verbose addNamed "1.0.3" is a plain semver version for colors
152 silly mapToRegistry name colors
153 silly mapToRegistry using default registry
154 silly mapToRegistry registry https://registry.npmjs.org/
155 silly mapToRegistry uri https://registry.npmjs.org/colors
156 verbose addNameVersion registry:https://registry.npmjs.org/colors not in flight; fetching
157 silly resolveWithNewModule optimist@0.6.1 checking installable status
158 silly cache add args [ 'optimist@0.6.x', null ]
159 verbose cache add spec optimist@0.6.x
160 silly cache add parsed spec Result {
160 silly cache add   raw: 'optimist@0.6.x',
160 silly cache add   scope: null,
160 silly cache add   name: 'optimist',
160 silly cache add   rawSpec: '0.6.x',
160 silly cache add   spec: '>=0.6.0 <0.7.0',
160 silly cache add   type: 'range' }
161 silly addNamed optimist@>=0.6.0 <0.7.0
162 verbose addNamed ">=0.6.0 <0.7.0" is a valid semver range for optimist
163 silly addNameRange { name: 'optimist', range: '>=0.6.0 <0.7.0', hasData: false }
164 silly mapToRegistry name optimist
165 silly mapToRegistry using default registry
166 silly mapToRegistry registry https://registry.npmjs.org/
167 silly mapToRegistry uri https://registry.npmjs.org/optimist
168 verbose addNameRange registry:https://registry.npmjs.org/optimist not in flight; fetching
169 verbose get https://registry.npmjs.org/colors not expired, no request
170 verbose get https://registry.npmjs.org/optimist not expired, no request
171 silly addNameRange number 2 { name: 'optimist', range: '>=0.6.0 <0.7.0', hasData: true }
172 silly addNameRange versions [ 'optimist',
172 silly addNameRange   [ '0.0.1',
172 silly addNameRange     '0.0.2',
172 silly addNameRange     '0.0.4',
172 silly addNameRange     '0.0.5',
172 silly addNameRange     '0.0.6',
172 silly addNameRange     '0.0.7',
172 silly addNameRange     '0.1.0',
172 silly addNameRange     '0.1.1',
172 silly addNameRange     '0.1.2',
172 silly addNameRange     '0.1.3',
172 silly addNameRange     '0.1.4',
172 silly addNameRange     '0.1.5',
172 silly addNameRange     '0.1.6',
172 silly addNameRange     '0.1.7',
172 silly addNameRange     '0.1.8',
172 silly addNameRange     '0.1.9',
172 silly addNameRange     '0.0.3',
172 silly addNameRange     '0.2.0',
172 silly addNameRange     '0.2.1',
172 silly addNameRange     '0.2.2',
172 silly addNameRange     '0.2.3',
172 silly addNameRange     '0.2.4',
172 silly addNameRange     '0.2.5',
172 silly addNameRange     '0.2.6',
172 silly addNameRange     '0.2.7',
172 silly addNameRange     '0.2.8',
172 silly addNameRange     '0.3.0',
172 silly addNameRange     '0.3.1',
172 silly addNameRange     '0.3.3',
172 silly addNameRange     '0.3.4',
172 silly addNameRange     '0.3.5',
172 silly addNameRange     '0.3.6',
172 silly addNameRange     '0.3.7',
172 silly addNameRange     '0.4.0',
172 silly addNameRange     '0.5.0',
172 silly addNameRange     '0.5.1',
172 silly addNameRange     '0.5.2',
172 silly addNameRange     '0.6.0',
172 silly addNameRange     '0.6.1' ] ]
173 silly addNamed optimist@0.6.1
174 verbose addNamed "0.6.1" is a plain semver version for optimist
175 silly cache afterAdd colors@1.0.3
176 verbose afterAdd /Users/bryomckim/.npm/colors/1.0.3/package/package.json not in flight; writing
177 silly cache afterAdd optimist@0.6.1
178 verbose afterAdd /Users/bryomckim/.npm/optimist/0.6.1/package/package.json not in flight; writing
179 verbose afterAdd /Users/bryomckim/.npm/colors/1.0.3/package/package.json written
180 verbose afterAdd /Users/bryomckim/.npm/optimist/0.6.1/package/package.json written
181 http 304 https://registry.npmjs.org/union
182 verbose headers { date: 'Wed, 04 Nov 2015 05:11:29 GMT',
182 verbose headers   via: '1.1 varnish',
182 verbose headers   'cache-control': 'max-age=60',
182 verbose headers   etag: '"B5B962KPHZEVZCYI0KM0HYHZX"',
182 verbose headers   age: '0',
182 verbose headers   connection: 'keep-alive',
182 verbose headers   'x-served-by': 'cache-lhr6327-LHR',
182 verbose headers   'x-cache': 'MISS',
182 verbose headers   'x-cache-hits': '0',
182 verbose headers   'x-timer': 'S1446613889.515980,VS0,VE86',
182 verbose headers   vary: 'Accept' }
183 silly get cb [ 304,
183 silly get   { date: 'Wed, 04 Nov 2015 05:11:29 GMT',
183 silly get     via: '1.1 varnish',
183 silly get     'cache-control': 'max-age=60',
183 silly get     etag: '"B5B962KPHZEVZCYI0KM0HYHZX"',
183 silly get     age: '0',
183 silly get     connection: 'keep-alive',
183 silly get     'x-served-by': 'cache-lhr6327-LHR',
183 silly get     'x-cache': 'MISS',
183 silly get     'x-cache-hits': '0',
183 silly get     'x-timer': 'S1446613889.515980,VS0,VE86',
183 silly get     vary: 'Accept' } ]
184 verbose etag https://registry.npmjs.org/union from cache
185 verbose get saving union to /Users/bryomckim/.npm/registry.npmjs.org/union/.cache.json
186 silly resolveWithNewModule union@0.4.4 checking installable status
187 silly cache add args [ 'union@~0.4.3', null ]
188 verbose cache add spec union@~0.4.3
189 silly cache add parsed spec Result {
189 silly cache add   raw: 'union@~0.4.3',
189 silly cache add   scope: null,
189 silly cache add   name: 'union',
189 silly cache add   rawSpec: '~0.4.3',
189 silly cache add   spec: '>=0.4.3 <0.5.0',
189 silly cache add   type: 'range' }
190 silly addNamed union@>=0.4.3 <0.5.0
191 verbose addNamed ">=0.4.3 <0.5.0" is a valid semver range for union
192 silly addNameRange { name: 'union', range: '>=0.4.3 <0.5.0', hasData: false }
193 silly mapToRegistry name union
194 silly mapToRegistry using default registry
195 silly mapToRegistry registry https://registry.npmjs.org/
196 silly mapToRegistry uri https://registry.npmjs.org/union
197 verbose addNameRange registry:https://registry.npmjs.org/union not in flight; fetching
198 verbose get https://registry.npmjs.org/union not expired, no request
199 silly addNameRange number 2 { name: 'union', range: '>=0.4.3 <0.5.0', hasData: true }
200 silly addNameRange versions [ 'union',
200 silly addNameRange   [ '0.1.0',
200 silly addNameRange     '0.1.2',
200 silly addNameRange     '0.1.3',
200 silly addNameRange     '0.1.4',
200 silly addNameRange     '0.1.5',
200 silly addNameRange     '0.1.6',
200 silly addNameRange     '0.1.7',
200 silly addNameRange     '0.1.8',
200 silly addNameRange     '0.2.0',
200 silly addNameRange     '0.2.1',
200 silly addNameRange     '0.3.0',
200 silly addNameRange     '0.3.2',
200 silly addNameRange     '0.3.3',
200 silly addNameRange     '0.3.4',
200 silly addNameRange     '0.3.5',
200 silly addNameRange     '0.3.6',
200 silly addNameRange     '0.3.7',
200 silly addNameRange     '0.3.8',
200 silly addNameRange     '0.4.0',
200 silly addNameRange     '0.4.1',
200 silly addNameRange     '0.4.2',
200 silly addNameRange     '0.4.3',
200 silly addNameRange     '0.4.4' ] ]
201 silly addNamed union@0.4.4
202 verbose addNamed "0.4.4" is a plain semver version for union
203 silly cache afterAdd union@0.4.4
204 verbose afterAdd /Users/bryomckim/.npm/union/0.4.4/package/package.json not in flight; writing
205 verbose afterAdd /Users/bryomckim/.npm/union/0.4.4/package/package.json written
206 http 304 https://registry.npmjs.org/portfinder
207 verbose headers { date: 'Wed, 04 Nov 2015 05:11:29 GMT',
207 verbose headers   via: '1.1 varnish',
207 verbose headers   'cache-control': 'max-age=60',
207 verbose headers   etag: '"7SFCNVJMZBX6WVVKAFJPP1P26"',
207 verbose headers   age: '0',
207 verbose headers   connection: 'keep-alive',
207 verbose headers   'x-served-by': 'cache-lhr6326-LHR',
207 verbose headers   'x-cache': 'MISS',
207 verbose headers   'x-cache-hits': '0',
207 verbose headers   'x-timer': 'S1446613889.534079,VS0,VE91',
207 verbose headers   vary: 'Accept' }
208 silly get cb [ 304,
208 silly get   { date: 'Wed, 04 Nov 2015 05:11:29 GMT',
208 silly get     via: '1.1 varnish',
208 silly get     'cache-control': 'max-age=60',
208 silly get     etag: '"7SFCNVJMZBX6WVVKAFJPP1P26"',
208 silly get     age: '0',
208 silly get     connection: 'keep-alive',
208 silly get     'x-served-by': 'cache-lhr6326-LHR',
208 silly get     'x-cache': 'MISS',
208 silly get     'x-cache-hits': '0',
208 silly get     'x-timer': 'S1446613889.534079,VS0,VE91',
208 silly get     vary: 'Accept' } ]
209 verbose etag https://registry.npmjs.org/portfinder from cache
210 verbose get saving portfinder to /Users/bryomckim/.npm/registry.npmjs.org/portfinder/.cache.json
211 silly resolveWithNewModule portfinder@0.4.0 checking installable status
212 silly cache add args [ 'portfinder@0.4.x', null ]
213 verbose cache add spec portfinder@0.4.x
214 silly cache add parsed spec Result {
214 silly cache add   raw: 'portfinder@0.4.x',
214 silly cache add   scope: null,
214 silly cache add   name: 'portfinder',
214 silly cache add   rawSpec: '0.4.x',
214 silly cache add   spec: '>=0.4.0 <0.5.0',
214 silly cache add   type: 'range' }
215 silly addNamed portfinder@>=0.4.0 <0.5.0
216 verbose addNamed ">=0.4.0 <0.5.0" is a valid semver range for portfinder
217 silly addNameRange { name: 'portfinder', range: '>=0.4.0 <0.5.0', hasData: false }
218 silly mapToRegistry name portfinder
219 silly mapToRegistry using default registry
220 silly mapToRegistry registry https://registry.npmjs.org/
221 silly mapToRegistry uri https://registry.npmjs.org/portfinder
222 verbose addNameRange registry:https://registry.npmjs.org/portfinder not in flight; fetching
223 verbose get https://registry.npmjs.org/portfinder not expired, no request
224 silly addNameRange number 2 { name: 'portfinder', range: '>=0.4.0 <0.5.0', hasData: true }
225 silly addNameRange versions [ 'portfinder',
225 silly addNameRange   [ '0.1.0', '0.2.0', '0.2.1', '0.3.0', '0.4.0' ] ]
226 silly addNamed portfinder@0.4.0
227 verbose addNamed "0.4.0" is a plain semver version for portfinder
228 silly cache afterAdd portfinder@0.4.0
229 verbose afterAdd /Users/bryomckim/.npm/portfinder/0.4.0/package/package.json not in flight; writing
230 verbose afterAdd /Users/bryomckim/.npm/portfinder/0.4.0/package/package.json written
231 http 304 https://registry.npmjs.org/http-proxy
232 verbose headers { date: 'Wed, 04 Nov 2015 05:11:29 GMT',
232 verbose headers   via: '1.1 varnish',
232 verbose headers   'cache-control': 'max-age=60',
232 verbose headers   etag: '"EXM4BS152SL8DNKQ8NPR6VRG4"',
232 verbose headers   age: '0',
232 verbose headers   connection: 'keep-alive',
232 verbose headers   'x-served-by': 'cache-lhr6325-LHR',
232 verbose headers   'x-cache': 'HIT',
232 verbose headers   'x-cache-hits': '1',
232 verbose headers   'x-timer': 'S1446613889.515591,VS0,VE165',
232 verbose headers   vary: 'Accept' }
233 silly get cb [ 304,
233 silly get   { date: 'Wed, 04 Nov 2015 05:11:29 GMT',
233 silly get     via: '1.1 varnish',
233 silly get     'cache-control': 'max-age=60',
233 silly get     etag: '"EXM4BS152SL8DNKQ8NPR6VRG4"',
233 silly get     age: '0',
233 silly get     connection: 'keep-alive',
233 silly get     'x-served-by': 'cache-lhr6325-LHR',
233 silly get     'x-cache': 'HIT',
233 silly get     'x-cache-hits': '1',
233 silly get     'x-timer': 'S1446613889.515591,VS0,VE165',
233 silly get     vary: 'Accept' } ]
234 verbose etag https://registry.npmjs.org/http-proxy from cache
235 verbose get saving http-proxy to /Users/bryomckim/.npm/registry.npmjs.org/http-proxy/.cache.json
236 silly resolveWithNewModule http-proxy@1.12.0 checking installable status
237 silly cache add args [ 'http-proxy@^1.8.1', null ]
238 verbose cache add spec http-proxy@^1.8.1
239 silly cache add parsed spec Result {
239 silly cache add   raw: 'http-proxy@^1.8.1',
239 silly cache add   scope: null,
239 silly cache add   name: 'http-proxy',
239 silly cache add   rawSpec: '^1.8.1',
239 silly cache add   spec: '>=1.8.1 <2.0.0',
239 silly cache add   type: 'range' }
240 silly addNamed http-proxy@>=1.8.1 <2.0.0
241 verbose addNamed ">=1.8.1 <2.0.0" is a valid semver range for http-proxy
242 silly addNameRange { name: 'http-proxy', range: '>=1.8.1 <2.0.0', hasData: false }
243 silly mapToRegistry name http-proxy
244 silly mapToRegistry using default registry
245 silly mapToRegistry registry https://registry.npmjs.org/
246 silly mapToRegistry uri https://registry.npmjs.org/http-proxy
247 verbose addNameRange registry:https://registry.npmjs.org/http-proxy not in flight; fetching
248 verbose get https://registry.npmjs.org/http-proxy not expired, no request
249 silly addNameRange number 2 { name: 'http-proxy', range: '>=1.8.1 <2.0.0', hasData: true }
250 silly addNameRange versions [ 'http-proxy',
250 silly addNameRange   [ '0.5.9',
250 silly addNameRange     '0.5.10',
250 silly addNameRange     '0.5.11',
250 silly addNameRange     '0.6.0',
250 silly addNameRange     '0.6.1',
250 silly addNameRange     '0.6.2',
250 silly addNameRange     '0.6.4',
250 silly addNameRange     '0.6.5',
250 silly addNameRange     '0.6.6',
250 silly addNameRange     '0.7.0',
250 silly addNameRange     '0.7.2',
250 silly addNameRange     '0.7.3',
250 silly addNameRange     '0.7.4',
250 silly addNameRange     '0.7.5',
250 silly addNameRange     '0.7.6',
250 silly addNameRange     '0.8.0',
250 silly addNameRange     '0.8.1',
250 silly addNameRange     '0.8.2',
250 silly addNameRange     '0.8.3',
250 silly addNameRange     '0.8.4',
250 silly addNameRange     '0.8.5',
250 silly addNameRange     '0.8.6',
250 silly addNameRange     '0.8.7',
250 silly addNameRange     '0.9.0',
250 silly addNameRange     '0.9.1',
250 silly addNameRange     '0.10.0',
250 silly addNameRange     '0.10.1',
250 silly addNameRange     '0.10.2',
250 silly addNameRange     '0.10.3',
250 silly addNameRange     '0.10.4',
250 silly addNameRange     '1.0.0',
250 silly addNameRange     '1.0.1',
250 silly addNameRange     '1.0.2',
250 silly addNameRange     '1.0.3',
250 silly addNameRange     '1.1.0',
250 silly addNameRange     '1.1.1',
250 silly addNameRange     '1.1.2',
250 silly addNameRange     '1.1.3',
250 silly addNameRange     '1.1.4',
250 silly addNameRange     '1.1.5',
250 silly addNameRange     '1.1.6',
250 silly addNameRange     '1.2.0',
250 silly addNameRange     '1.2.1',
250 silly addNameRange     '1.3.0',
250 silly addNameRange     '1.4.0',
250 silly addNameRange     '1.4.1',
250 silly addNameRange     '1.4.2',
250 silly addNameRange     '1.4.3',
250 silly addNameRange     '1.5.0',
250 silly addNameRange     '1.5.1',
250 silly addNameRange     '1.5.2',
250 silly addNameRange     '1.5.3',
250 silly addNameRange     '1.6.0',
250 silly addNameRange     '1.6.1',
250 silly addNameRange     '1.6.2',
250 silly addNameRange     '1.7.0',
250 silly addNameRange     '1.7.1',
250 silly addNameRange     '1.7.2',
250 silly addNameRange     '1.7.3',
250 silly addNameRange     '1.8.0',
250 silly addNameRange     '1.8.1',
250 silly addNameRange     '1.9.0',
250 silly addNameRange     '1.9.1',
250 silly addNameRange     '1.10.0',
250 silly addNameRange     '1.10.1',
250 silly addNameRange     '1.11.0',
250 silly addNameRange     '1.11.1',
250 silly addNameRange     '1.11.2',
250 silly addNameRange     '1.11.3',
250 silly addNameRange     '1.12.0' ] ]
251 silly addNamed http-proxy@1.12.0
252 verbose addNamed "1.12.0" is a plain semver version for http-proxy
253 http 304 https://registry.npmjs.org/corser
254 verbose headers { date: 'Wed, 04 Nov 2015 05:11:29 GMT',
254 verbose headers   via: '1.1 varnish',
254 verbose headers   'cache-control': 'max-age=60',
254 verbose headers   etag: '"2RH28UBMJ5ERZ21YHHJR99K08"',
254 verbose headers   age: '0',
254 verbose headers   connection: 'keep-alive',
254 verbose headers   'x-served-by': 'cache-lhr6326-LHR',
254 verbose headers   'x-cache': 'MISS',
254 verbose headers   'x-cache-hits': '0',
254 verbose headers   'x-timer': 'S1446613889.522554,VS0,VE171',
254 verbose headers   vary: 'Accept' }
255 silly get cb [ 304,
255 silly get   { date: 'Wed, 04 Nov 2015 05:11:29 GMT',
255 silly get     via: '1.1 varnish',
255 silly get     'cache-control': 'max-age=60',
255 silly get     etag: '"2RH28UBMJ5ERZ21YHHJR99K08"',
255 silly get     age: '0',
255 silly get     connection: 'keep-alive',
255 silly get     'x-served-by': 'cache-lhr6326-LHR',
255 silly get     'x-cache': 'MISS',
255 silly get     'x-cache-hits': '0',
255 silly get     'x-timer': 'S1446613889.522554,VS0,VE171',
255 silly get     vary: 'Accept' } ]
256 verbose etag https://registry.npmjs.org/corser from cache
257 verbose get saving corser to /Users/bryomckim/.npm/registry.npmjs.org/corser/.cache.json
258 silly cache afterAdd http-proxy@1.12.0
259 verbose afterAdd /Users/bryomckim/.npm/http-proxy/1.12.0/package/package.json not in flight; writing
260 silly resolveWithNewModule corser@2.0.0 checking installable status
261 silly cache add args [ 'corser@~2.0.0', null ]
262 verbose cache add spec corser@~2.0.0
263 silly cache add parsed spec Result {
263 silly cache add   raw: 'corser@~2.0.0',
263 silly cache add   scope: null,
263 silly cache add   name: 'corser',
263 silly cache add   rawSpec: '~2.0.0',
263 silly cache add   spec: '>=2.0.0 <2.1.0',
263 silly cache add   type: 'range' }
264 silly addNamed corser@>=2.0.0 <2.1.0
265 verbose addNamed ">=2.0.0 <2.1.0" is a valid semver range for corser
266 silly addNameRange { name: 'corser', range: '>=2.0.0 <2.1.0', hasData: false }
267 silly mapToRegistry name corser
268 silly mapToRegistry using default registry
269 silly mapToRegistry registry https://registry.npmjs.org/
270 silly mapToRegistry uri https://registry.npmjs.org/corser
271 verbose addNameRange registry:https://registry.npmjs.org/corser not in flight; fetching
272 verbose afterAdd /Users/bryomckim/.npm/http-proxy/1.12.0/package/package.json written
273 verbose get https://registry.npmjs.org/corser not expired, no request
274 silly addNameRange number 2 { name: 'corser', range: '>=2.0.0 <2.1.0', hasData: true }
275 silly addNameRange versions [ 'corser',
275 silly addNameRange   [ '0.1.0',
275 silly addNameRange     '0.2.0',
275 silly addNameRange     '1.0.0',
275 silly addNameRange     '1.0.1',
275 silly addNameRange     '1.0.2',
275 silly addNameRange     '1.1.0',
275 silly addNameRange     '1.1.1',
275 silly addNameRange     '1.1.2',
275 silly addNameRange     '1.2.0',
275 silly addNameRange     '2.0.0' ] ]
276 silly addNamed corser@2.0.0
277 verbose addNamed "2.0.0" is a plain semver version for corser
278 silly cache afterAdd corser@2.0.0
279 verbose afterAdd /Users/bryomckim/.npm/corser/2.0.0/package/package.json not in flight; writing
280 verbose afterAdd /Users/bryomckim/.npm/corser/2.0.0/package/package.json written
281 http 304 https://registry.npmjs.org/opener
282 verbose headers { date: 'Wed, 04 Nov 2015 05:11:29 GMT',
282 verbose headers   via: '1.1 varnish',
282 verbose headers   'cache-control': 'max-age=60',
282 verbose headers   etag: '"VH33S5MWWLVT4JELNVQT9VA3"',
282 verbose headers   age: '0',
282 verbose headers   connection: 'keep-alive',
282 verbose headers   'x-served-by': 'cache-lhr6328-LHR',
282 verbose headers   'x-cache': 'HIT',
282 verbose headers   'x-cache-hits': '1',
282 verbose headers   'x-timer': 'S1446613889.522551,VS0,VE624',
282 verbose headers   vary: 'Accept' }
283 silly get cb [ 304,
283 silly get   { date: 'Wed, 04 Nov 2015 05:11:29 GMT',
283 silly get     via: '1.1 varnish',
283 silly get     'cache-control': 'max-age=60',
283 silly get     etag: '"VH33S5MWWLVT4JELNVQT9VA3"',
283 silly get     age: '0',
283 silly get     connection: 'keep-alive',
283 silly get     'x-served-by': 'cache-lhr6328-LHR',
283 silly get     'x-cache': 'HIT',
283 silly get     'x-cache-hits': '1',
283 silly get     'x-timer': 'S1446613889.522551,VS0,VE624',
283 silly get     vary: 'Accept' } ]
284 verbose etag https://registry.npmjs.org/opener from cache
285 verbose get saving opener to /Users/bryomckim/.npm/registry.npmjs.org/opener/.cache.json
286 silly resolveWithNewModule opener@1.4.1 checking installable status
287 silly cache add args [ 'opener@~1.4.0', null ]
288 verbose cache add spec opener@~1.4.0
289 silly cache add parsed spec Result {
289 silly cache add   raw: 'opener@~1.4.0',
289 silly cache add   scope: null,
289 silly cache add   name: 'opener',
289 silly cache add   rawSpec: '~1.4.0',
289 silly cache add   spec: '>=1.4.0 <1.5.0',
289 silly cache add   type: 'range' }
290 silly addNamed opener@>=1.4.0 <1.5.0
291 verbose addNamed ">=1.4.0 <1.5.0" is a valid semver range for opener
292 silly addNameRange { name: 'opener', range: '>=1.4.0 <1.5.0', hasData: false }
293 silly mapToRegistry name opener
294 silly mapToRegistry using default registry
295 silly mapToRegistry registry https://registry.npmjs.org/
296 silly mapToRegistry uri https://registry.npmjs.org/opener
297 verbose addNameRange registry:https://registry.npmjs.org/opener not in flight; fetching
298 verbose get https://registry.npmjs.org/opener not expired, no request
299 silly addNameRange number 2 { name: 'opener', range: '>=1.4.0 <1.5.0', hasData: true }
300 silly addNameRange versions [ 'opener',
300 silly addNameRange   [ '1.0.0', '1.0.1', '1.1.0', '1.2.0', '1.3.0', '1.4.0', '1.4.1' ] ]
301 silly addNamed opener@1.4.1
302 verbose addNamed "1.4.1" is a plain semver version for opener
303 silly cache afterAdd opener@1.4.1
304 verbose afterAdd /Users/bryomckim/.npm/opener/1.4.1/package/package.json not in flight; writing
305 verbose afterAdd /Users/bryomckim/.npm/opener/1.4.1/package/package.json written
306 http 304 https://registry.npmjs.org/ecstatic
307 verbose headers { date: 'Wed, 04 Nov 2015 05:11:29 GMT',
307 verbose headers   via: '1.1 varnish',
307 verbose headers   'cache-control': 'max-age=60',
307 verbose headers   etag: '"DPVI4N6AD6QQW38729LP0HZ9D"',
307 verbose headers   age: '0',
307 verbose headers   connection: 'keep-alive',
307 verbose headers   'x-served-by': 'cache-lhr6325-LHR',
307 verbose headers   'x-cache': 'MISS',
307 verbose headers   'x-cache-hits': '0',
307 verbose headers   'x-timer': 'S1446613889.534758,VS0,VE901',
307 verbose headers   vary: 'Accept' }
308 silly get cb [ 304,
308 silly get   { date: 'Wed, 04 Nov 2015 05:11:29 GMT',
308 silly get     via: '1.1 varnish',
308 silly get     'cache-control': 'max-age=60',
308 silly get     etag: '"DPVI4N6AD6QQW38729LP0HZ9D"',
308 silly get     age: '0',
308 silly get     connection: 'keep-alive',
308 silly get     'x-served-by': 'cache-lhr6325-LHR',
308 silly get     'x-cache': 'MISS',
308 silly get     'x-cache-hits': '0',
308 silly get     'x-timer': 'S1446613889.534758,VS0,VE901',
308 silly get     vary: 'Accept' } ]
309 verbose etag https://registry.npmjs.org/ecstatic from cache
310 verbose get saving ecstatic to /Users/bryomckim/.npm/registry.npmjs.org/ecstatic/.cache.json
311 silly resolveWithNewModule ecstatic@0.7.6 checking installable status
312 silly cache add args [ 'ecstatic@~0.7.0', null ]
313 verbose cache add spec ecstatic@~0.7.0
314 silly cache add parsed spec Result {
314 silly cache add   raw: 'ecstatic@~0.7.0',
314 silly cache add   scope: null,
314 silly cache add   name: 'ecstatic',
314 silly cache add   rawSpec: '~0.7.0',
314 silly cache add   spec: '>=0.7.0 <0.8.0',
314 silly cache add   type: 'range' }
315 silly addNamed ecstatic@>=0.7.0 <0.8.0
316 verbose addNamed ">=0.7.0 <0.8.0" is a valid semver range for ecstatic
317 silly addNameRange { name: 'ecstatic', range: '>=0.7.0 <0.8.0', hasData: false }
318 silly mapToRegistry name ecstatic
319 silly mapToRegistry using default registry
320 silly mapToRegistry registry https://registry.npmjs.org/
321 silly mapToRegistry uri https://registry.npmjs.org/ecstatic
322 verbose addNameRange registry:https://registry.npmjs.org/ecstatic not in flight; fetching
323 verbose get https://registry.npmjs.org/ecstatic not expired, no request
324 silly addNameRange number 2 { name: 'ecstatic', range: '>=0.7.0 <0.8.0', hasData: true }
325 silly addNameRange versions [ 'ecstatic',
325 silly addNameRange   [ '0.0.0',
325 silly addNameRange     '0.0.1',
325 silly addNameRange     '0.1.0',
325 silly addNameRange     '0.1.1',
325 silly addNameRange     '0.1.1-1',
325 silly addNameRange     '0.1.2',
325 silly addNameRange     '0.1.2-1',
325 silly addNameRange     '0.1.4',
325 silly addNameRange     '0.1.5',
325 silly addNameRange     '0.1.6',
325 silly addNameRange     '0.1.7',
325 silly addNameRange     '0.3.0',
325 silly addNameRange     '0.3.1',
325 silly addNameRange     '0.3.2',
325 silly addNameRange     '0.4.0',
325 silly addNameRange     '0.4.1',
325 silly addNameRange     '0.4.2',
325 silly addNameRange     '0.4.3',
325 silly addNameRange     '0.4.4',
325 silly addNameRange     '0.4.5',
325 silly addNameRange     '0.4.6',
325 silly addNameRange     '0.4.7',
325 silly addNameRange     '0.4.8',
325 silly addNameRange     '0.4.9',
325 silly addNameRange     '0.4.10',
325 silly addNameRange     '0.4.11',
325 silly addNameRange     '0.4.12',
325 silly addNameRange     '0.4.13',
325 silly addNameRange     '0.5.0',
325 silly addNameRange     '0.5.1',
325 silly addNameRange     '0.5.2',
325 silly addNameRange     '0.5.3',
325 silly addNameRange     '0.5.4',
325 silly addNameRange     '0.5.5',
325 silly addNameRange     '0.5.6',
325 silly addNameRange     '0.5.7',
325 silly addNameRange     '0.5.8',
325 silly addNameRange     '0.6.0',
325 silly addNameRange     '0.6.1',
325 silly addNameRange     '0.7.0',
325 silly addNameRange     '0.7.1',
325 silly addNameRange     '0.7.2',
325 silly addNameRange     '0.7.3',
325 silly addNameRange     '0.7.4',
325 silly addNameRange     '0.7.5',
325 silly addNameRange     '0.7.6',
325 silly addNameRange     '0.8.0',
325 silly addNameRange     '1.0.0',
325 silly addNameRange     '1.0.1',
325 silly addNameRange     '1.1.0',
325 silly addNameRange     '1.1.1',
325 silly addNameRange     '1.1.2',
325 silly addNameRange     '1.1.3',
325 silly addNameRange     '1.2.0' ] ]
326 silly addNamed ecstatic@0.7.6
327 verbose addNamed "0.7.6" is a plain semver version for ecstatic
328 silly cache afterAdd ecstatic@0.7.6
329 verbose afterAdd /Users/bryomckim/.npm/ecstatic/0.7.6/package/package.json not in flight; writing
330 verbose afterAdd /Users/bryomckim/.npm/ecstatic/0.7.6/package/package.json written
331 silly fetchNamedPackageData he
332 silly mapToRegistry name he
333 silly mapToRegistry using default registry
334 silly mapToRegistry registry https://registry.npmjs.org/
335 silly mapToRegistry uri https://registry.npmjs.org/he
336 silly fetchNamedPackageData mime
337 silly mapToRegistry name mime
338 silly mapToRegistry using default registry
339 silly mapToRegistry registry https://registry.npmjs.org/
340 silly mapToRegistry uri https://registry.npmjs.org/mime
341 silly fetchNamedPackageData minimist
342 silly mapToRegistry name minimist
343 silly mapToRegistry using default registry
344 silly mapToRegistry registry https://registry.npmjs.org/
345 silly mapToRegistry uri https://registry.npmjs.org/minimist
346 silly fetchNamedPackageData url-join
347 silly mapToRegistry name url-join
348 silly mapToRegistry using default registry
349 silly mapToRegistry registry https://registry.npmjs.org/
350 silly mapToRegistry uri https://registry.npmjs.org/url-join
351 verbose request uri https://registry.npmjs.org/mime
352 verbose request no auth needed
353 info attempt registry request try #1 at 8:11:30 AM
354 verbose etag "3YBU54SLBVSRB6M3REIB7DIBI"
355 http request GET https://registry.npmjs.org/mime
356 verbose request uri https://registry.npmjs.org/url-join
357 verbose request no auth needed
358 info attempt registry request try #1 at 8:11:30 AM
359 verbose etag "8IDLSSYDCCMLY66BZQQLGP80J"
360 http request GET https://registry.npmjs.org/url-join
361 verbose request uri https://registry.npmjs.org/he
362 verbose request no auth needed
363 info attempt registry request try #1 at 8:11:30 AM
364 verbose etag "CMJ8DBLU4QAYYO72XZ3PZNCGG"
365 http request GET https://registry.npmjs.org/he
366 verbose request uri https://registry.npmjs.org/minimist
367 verbose request no auth needed
368 info attempt registry request try #1 at 8:11:30 AM
369 verbose etag "33564UGS7AGOAOUTDYX2LZG63"
370 http request GET https://registry.npmjs.org/minimist
371 http 304 https://registry.npmjs.org/mime
372 verbose headers { date: 'Wed, 04 Nov 2015 05:11:31 GMT',
372 verbose headers   via: '1.1 varnish',
372 verbose headers   'cache-control': 'max-age=60',
372 verbose headers   etag: '"3YBU54SLBVSRB6M3REIB7DIBI"',
372 verbose headers   age: '39',
372 verbose headers   connection: 'keep-alive',
372 verbose headers   'x-served-by': 'cache-lhr6327-LHR',
372 verbose headers   'x-cache': 'HIT',
372 verbose headers   'x-cache-hits': '2',
372 verbose headers   'x-timer': 'S1446613891.017748,VS0,VE0',
372 verbose headers   vary: 'Accept' }
373 silly get cb [ 304,
373 silly get   { date: 'Wed, 04 Nov 2015 05:11:31 GMT',
373 silly get     via: '1.1 varnish',
373 silly get     'cache-control': 'max-age=60',
373 silly get     etag: '"3YBU54SLBVSRB6M3REIB7DIBI"',
373 silly get     age: '39',
373 silly get     connection: 'keep-alive',
373 silly get     'x-served-by': 'cache-lhr6327-LHR',
373 silly get     'x-cache': 'HIT',
373 silly get     'x-cache-hits': '2',
373 silly get     'x-timer': 'S1446613891.017748,VS0,VE0',
373 silly get     vary: 'Accept' } ]
374 verbose etag https://registry.npmjs.org/mime from cache
375 verbose get saving mime to /Users/bryomckim/.npm/registry.npmjs.org/mime/.cache.json
376 silly resolveWithNewModule mime@1.3.4 checking installable status
377 silly cache add args [ 'mime@^1.2.11', null ]
378 verbose cache add spec mime@^1.2.11
379 silly cache add parsed spec Result {
379 silly cache add   raw: 'mime@^1.2.11',
379 silly cache add   scope: null,
379 silly cache add   name: 'mime',
379 silly cache add   rawSpec: '^1.2.11',
379 silly cache add   spec: '>=1.2.11 <2.0.0',
379 silly cache add   type: 'range' }
380 silly addNamed mime@>=1.2.11 <2.0.0
381 verbose addNamed ">=1.2.11 <2.0.0" is a valid semver range for mime
382 silly addNameRange { name: 'mime', range: '>=1.2.11 <2.0.0', hasData: false }
383 silly mapToRegistry name mime
384 silly mapToRegistry using default registry
385 silly mapToRegistry registry https://registry.npmjs.org/
386 silly mapToRegistry uri https://registry.npmjs.org/mime
387 verbose addNameRange registry:https://registry.npmjs.org/mime not in flight; fetching
388 verbose get https://registry.npmjs.org/mime not expired, no request
389 silly addNameRange number 2 { name: 'mime', range: '>=1.2.11 <2.0.0', hasData: true }
390 silly addNameRange versions [ 'mime',
390 silly addNameRange   [ '1.0.0',
390 silly addNameRange     '1.1.0',
390 silly addNameRange     '1.2.1',
390 silly addNameRange     '1.2.2',
390 silly addNameRange     '1.2.3',
390 silly addNameRange     '1.2.4',
390 silly addNameRange     '1.2.5',
390 silly addNameRange     '1.2.6',
390 silly addNameRange     '1.2.7',
390 silly addNameRange     '1.2.8',
390 silly addNameRange     '1.2.9',
390 silly addNameRange     '1.2.10',
390 silly addNameRange     '1.2.11',
390 silly addNameRange     '1.3.0',
390 silly addNameRange     '1.3.2',
390 silly addNameRange     '1.3.3',
390 silly addNameRange     '1.3.4' ] ]
391 silly addNamed mime@1.3.4
392 verbose addNamed "1.3.4" is a plain semver version for mime
393 silly cache afterAdd mime@1.3.4
394 verbose afterAdd /Users/bryomckim/.npm/mime/1.3.4/package/package.json not in flight; writing
395 verbose afterAdd /Users/bryomckim/.npm/mime/1.3.4/package/package.json written
396 http 304 https://registry.npmjs.org/he
397 verbose headers { date: 'Wed, 04 Nov 2015 05:11:30 GMT',
397 verbose headers   via: '1.1 varnish',
397 verbose headers   'cache-control': 'max-age=60',
397 verbose headers   etag: '"CMJ8DBLU4QAYYO72XZ3PZNCGG"',
397 verbose headers   age: '0',
397 verbose headers   connection: 'keep-alive',
397 verbose headers   'x-served-by': 'cache-lhr6322-LHR',
397 verbose headers   'x-cache': 'MISS',
397 verbose headers   'x-cache-hits': '0',
397 verbose headers   'x-timer': 'S1446613890.992570,VS0,VE154',
397 verbose headers   vary: 'Accept' }
398 silly get cb [ 304,
398 silly get   { date: 'Wed, 04 Nov 2015 05:11:30 GMT',
398 silly get     via: '1.1 varnish',
398 silly get     'cache-control': 'max-age=60',
398 silly get     etag: '"CMJ8DBLU4QAYYO72XZ3PZNCGG"',
398 silly get     age: '0',
398 silly get     connection: 'keep-alive',
398 silly get     'x-served-by': 'cache-lhr6322-LHR',
398 silly get     'x-cache': 'MISS',
398 silly get     'x-cache-hits': '0',
398 silly get     'x-timer': 'S1446613890.992570,VS0,VE154',
398 silly get     vary: 'Accept' } ]
399 verbose etag https://registry.npmjs.org/he from cache
400 verbose get saving he to /Users/bryomckim/.npm/registry.npmjs.org/he/.cache.json
401 silly resolveWithNewModule he@0.5.0 checking installable status
402 silly cache add args [ 'he@^0.5.0', null ]
403 verbose cache add spec he@^0.5.0
404 silly cache add parsed spec Result {
404 silly cache add   raw: 'he@^0.5.0',
404 silly cache add   scope: null,
404 silly cache add   name: 'he',
404 silly cache add   rawSpec: '^0.5.0',
404 silly cache add   spec: '>=0.5.0 <0.6.0',
404 silly cache add   type: 'range' }
405 silly addNamed he@>=0.5.0 <0.6.0
406 verbose addNamed ">=0.5.0 <0.6.0" is a valid semver range for he
407 silly addNameRange { name: 'he', range: '>=0.5.0 <0.6.0', hasData: false }
408 silly mapToRegistry name he
409 silly mapToRegistry using default registry
410 silly mapToRegistry registry https://registry.npmjs.org/
411 silly mapToRegistry uri https://registry.npmjs.org/he
412 verbose addNameRange registry:https://registry.npmjs.org/he not in flight; fetching
413 verbose get https://registry.npmjs.org/he not expired, no request
414 silly addNameRange number 2 { name: 'he', range: '>=0.5.0 <0.6.0', hasData: true }
415 silly addNameRange versions [ 'he',
415 silly addNameRange   [ '0.1.0',
415 silly addNameRange     '0.1.1',
415 silly addNameRange     '0.1.2',
415 silly addNameRange     '0.1.3',
415 silly addNameRange     '0.1.4',
415 silly addNameRange     '0.1.5',
415 silly addNameRange     '0.1.6',
415 silly addNameRange     '0.1.7',
415 silly addNameRange     '0.1.8',
415 silly addNameRange     '0.1.9',
415 silly addNameRange     '0.1.10',
415 silly addNameRange     '0.2.0',
415 silly addNameRange     '0.2.1',
415 silly addNameRange     '0.3.0',
415 silly addNameRange     '0.3.1',
415 silly addNameRange     '0.3.2',
415 silly addNameRange     '0.3.3',
415 silly addNameRange     '0.3.4',
415 silly addNameRange     '0.3.5',
415 silly addNameRange     '0.3.6',
415 silly addNameRange     '0.4.0',
415 silly addNameRange     '0.4.1',
415 silly addNameRange     '0.5.0' ] ]
416 silly addNamed he@0.5.0
417 verbose addNamed "0.5.0" is a plain semver version for he
418 silly cache afterAdd he@0.5.0
419 verbose afterAdd /Users/bryomckim/.npm/he/0.5.0/package/package.json not in flight; writing
420 verbose afterAdd /Users/bryomckim/.npm/he/0.5.0/package/package.json written
421 http 304 https://registry.npmjs.org/url-join
422 verbose headers { date: 'Wed, 04 Nov 2015 05:11:31 GMT',
422 verbose headers   via: '1.1 varnish',
422 verbose headers   'cache-control': 'max-age=60',
422 verbose headers   etag: '"8IDLSSYDCCMLY66BZQQLGP80J"',
422 verbose headers   age: '0',
422 verbose headers   connection: 'keep-alive',
422 verbose headers   'x-served-by': 'cache-lhr6327-LHR',
422 verbose headers   'x-cache': 'HIT',
422 verbose headers   'x-cache-hits': '1',
422 verbose headers   'x-timer': 'S1446613891.016826,VS0,VE359',
422 verbose headers   vary: 'Accept' }
423 silly get cb [ 304,
423 silly get   { date: 'Wed, 04 Nov 2015 05:11:31 GMT',
423 silly get     via: '1.1 varnish',
423 silly get     'cache-control': 'max-age=60',
423 silly get     etag: '"8IDLSSYDCCMLY66BZQQLGP80J"',
423 silly get     age: '0',
423 silly get     connection: 'keep-alive',
423 silly get     'x-served-by': 'cache-lhr6327-LHR',
423 silly get     'x-cache': 'HIT',
423 silly get     'x-cache-hits': '1',
423 silly get     'x-timer': 'S1446613891.016826,VS0,VE359',
423 silly get     vary: 'Accept' } ]
424 verbose etag https://registry.npmjs.org/url-join from cache
425 verbose get saving url-join to /Users/bryomckim/.npm/registry.npmjs.org/url-join/.cache.json
426 silly resolveWithNewModule url-join@0.0.1 checking installable status
427 silly cache add args [ 'url-join@0.0.1', null ]
428 verbose cache add spec url-join@0.0.1
429 silly cache add parsed spec Result {
429 silly cache add   raw: 'url-join@0.0.1',
429 silly cache add   scope: null,
429 silly cache add   name: 'url-join',
429 silly cache add   rawSpec: '0.0.1',
429 silly cache add   spec: '0.0.1',
429 silly cache add   type: 'version' }
430 silly addNamed url-join@0.0.1
431 verbose addNamed "0.0.1" is a plain semver version for url-join
432 silly mapToRegistry name url-join
433 silly mapToRegistry using default registry
434 silly mapToRegistry registry https://registry.npmjs.org/
435 silly mapToRegistry uri https://registry.npmjs.org/url-join
436 verbose addNameVersion registry:https://registry.npmjs.org/url-join not in flight; fetching
437 verbose get https://registry.npmjs.org/url-join not expired, no request
438 silly cache afterAdd url-join@0.0.1
439 verbose afterAdd /Users/bryomckim/.npm/url-join/0.0.1/package/package.json not in flight; writing
440 verbose afterAdd /Users/bryomckim/.npm/url-join/0.0.1/package/package.json written
441 http 304 https://registry.npmjs.org/minimist
442 verbose headers { date: 'Wed, 04 Nov 2015 05:11:31 GMT',
442 verbose headers   via: '1.1 varnish',
442 verbose headers   'cache-control': 'max-age=60',
442 verbose headers   etag: '"33564UGS7AGOAOUTDYX2LZG63"',
442 verbose headers   age: '0',
442 verbose headers   connection: 'keep-alive',
442 verbose headers   'x-served-by': 'cache-lhr6321-LHR',
442 verbose headers   'x-cache': 'HIT',
442 verbose headers   'x-cache-hits': '1',
442 verbose headers   'x-timer': 'S1446613891.024060,VS0,VE647',
442 verbose headers   vary: 'Accept' }
443 silly get cb [ 304,
443 silly get   { date: 'Wed, 04 Nov 2015 05:11:31 GMT',
443 silly get     via: '1.1 varnish',
443 silly get     'cache-control': 'max-age=60',
443 silly get     etag: '"33564UGS7AGOAOUTDYX2LZG63"',
443 silly get     age: '0',
443 silly get     connection: 'keep-alive',
443 silly get     'x-served-by': 'cache-lhr6321-LHR',
443 silly get     'x-cache': 'HIT',
443 silly get     'x-cache-hits': '1',
443 silly get     'x-timer': 'S1446613891.024060,VS0,VE647',
443 silly get     vary: 'Accept' } ]
444 verbose etag https://registry.npmjs.org/minimist from cache
445 verbose get saving minimist to /Users/bryomckim/.npm/registry.npmjs.org/minimist/.cache.json
446 silly resolveWithNewModule minimist@1.2.0 checking installable status
447 silly cache add args [ 'minimist@^1.1.0', null ]
448 verbose cache add spec minimist@^1.1.0
449 silly cache add parsed spec Result {
449 silly cache add   raw: 'minimist@^1.1.0',
449 silly cache add   scope: null,
449 silly cache add   name: 'minimist',
449 silly cache add   rawSpec: '^1.1.0',
449 silly cache add   spec: '>=1.1.0 <2.0.0',
449 silly cache add   type: 'range' }
450 silly addNamed minimist@>=1.1.0 <2.0.0
451 verbose addNamed ">=1.1.0 <2.0.0" is a valid semver range for minimist
452 silly addNameRange { name: 'minimist', range: '>=1.1.0 <2.0.0', hasData: false }
453 silly mapToRegistry name minimist
454 silly mapToRegistry using default registry
455 silly mapToRegistry registry https://registry.npmjs.org/
456 silly mapToRegistry uri https://registry.npmjs.org/minimist
457 verbose addNameRange registry:https://registry.npmjs.org/minimist not in flight; fetching
458 verbose get https://registry.npmjs.org/minimist not expired, no request
459 silly addNameRange number 2 { name: 'minimist', range: '>=1.1.0 <2.0.0', hasData: true }
460 silly addNameRange versions [ 'minimist',
460 silly addNameRange   [ '0.0.0',
460 silly addNameRange     '0.0.1',
460 silly addNameRange     '0.0.2',
460 silly addNameRange     '0.0.3',
460 silly addNameRange     '0.0.4',
460 silly addNameRange     '0.0.5',
460 silly addNameRange     '0.0.6',
460 silly addNameRange     '0.0.7',
460 silly addNameRange     '0.0.8',
460 silly addNameRange     '0.0.9',
460 silly addNameRange     '0.0.10',
460 silly addNameRange     '0.1.0',
460 silly addNameRange     '0.2.0',
460 silly addNameRange     '1.0.0',
460 silly addNameRange     '1.1.0',
460 silly addNameRange     '1.1.1',
460 silly addNameRange     '1.1.2',
460 silly addNameRange     '1.1.3',
460 silly addNameRange     '1.2.0' ] ]
461 silly addNamed minimist@1.2.0
462 verbose addNamed "1.2.0" is a plain semver version for minimist
463 silly cache afterAdd minimist@1.2.0
464 verbose afterAdd /Users/bryomckim/.npm/minimist/1.2.0/package/package.json not in flight; writing
465 verbose afterAdd /Users/bryomckim/.npm/minimist/1.2.0/package/package.json written
466 silly fetchNamedPackageData eventemitter3
467 silly mapToRegistry name eventemitter3
468 silly mapToRegistry using default registry
469 silly mapToRegistry registry https://registry.npmjs.org/
470 silly mapToRegistry uri https://registry.npmjs.org/eventemitter3
471 silly fetchNamedPackageData requires-port
472 silly mapToRegistry name requires-port
473 silly mapToRegistry using default registry
474 silly mapToRegistry registry https://registry.npmjs.org/
475 silly mapToRegistry uri https://registry.npmjs.org/requires-port
476 verbose request uri https://registry.npmjs.org/eventemitter3
477 verbose request no auth needed
478 info attempt registry request try #1 at 8:11:31 AM
479 verbose etag "CY3X87ZM8DTAO4EGU81JUIWCU"
480 http request GET https://registry.npmjs.org/eventemitter3
481 verbose request uri https://registry.npmjs.org/requires-port
482 verbose request no auth needed
483 info attempt registry request try #1 at 8:11:31 AM
484 verbose etag "E0O0T58ME0HOXF1OX00AGM99O"
485 http request GET https://registry.npmjs.org/requires-port
486 http 304 https://registry.npmjs.org/eventemitter3
487 verbose headers { date: 'Wed, 04 Nov 2015 05:11:32 GMT',
487 verbose headers   via: '1.1 varnish',
487 verbose headers   'cache-control': 'max-age=60',
487 verbose headers   etag: '"CY3X87ZM8DTAO4EGU81JUIWCU"',
487 verbose headers   age: '39',
487 verbose headers   connection: 'keep-alive',
487 verbose headers   'x-served-by': 'cache-lhr6325-LHR',
487 verbose headers   'x-cache': 'HIT',
487 verbose headers   'x-cache-hits': '1',
487 verbose headers   'x-timer': 'S1446613892.236262,VS0,VE0',
487 verbose headers   vary: 'Accept' }
488 silly get cb [ 304,
488 silly get   { date: 'Wed, 04 Nov 2015 05:11:32 GMT',
488 silly get     via: '1.1 varnish',
488 silly get     'cache-control': 'max-age=60',
488 silly get     etag: '"CY3X87ZM8DTAO4EGU81JUIWCU"',
488 silly get     age: '39',
488 silly get     connection: 'keep-alive',
488 silly get     'x-served-by': 'cache-lhr6325-LHR',
488 silly get     'x-cache': 'HIT',
488 silly get     'x-cache-hits': '1',
488 silly get     'x-timer': 'S1446613892.236262,VS0,VE0',
488 silly get     vary: 'Accept' } ]
489 verbose etag https://registry.npmjs.org/eventemitter3 from cache
490 verbose get saving eventemitter3 to /Users/bryomckim/.npm/registry.npmjs.org/eventemitter3/.cache.json
491 http 304 https://registry.npmjs.org/requires-port
492 verbose headers { date: 'Wed, 04 Nov 2015 05:11:32 GMT',
492 verbose headers   via: '1.1 varnish',
492 verbose headers   'cache-control': 'max-age=60',
492 verbose headers   etag: '"E0O0T58ME0HOXF1OX00AGM99O"',
492 verbose headers   age: '39',
492 verbose headers   connection: 'keep-alive',
492 verbose headers   'x-served-by': 'cache-lhr6331-LHR',
492 verbose headers   'x-cache': 'HIT',
492 verbose headers   'x-cache-hits': '1',
492 verbose headers   'x-timer': 'S1446613892.237954,VS0,VE0',
492 verbose headers   vary: 'Accept' }
493 silly get cb [ 304,
493 silly get   { date: 'Wed, 04 Nov 2015 05:11:32 GMT',
493 silly get     via: '1.1 varnish',
493 silly get     'cache-control': 'max-age=60',
493 silly get     etag: '"E0O0T58ME0HOXF1OX00AGM99O"',
493 silly get     age: '39',
493 silly get     connection: 'keep-alive',
493 silly get     'x-served-by': 'cache-lhr6331-LHR',
493 silly get     'x-cache': 'HIT',
493 silly get     'x-cache-hits': '1',
493 silly get     'x-timer': 'S1446613892.237954,VS0,VE0',
493 silly get     vary: 'Accept' } ]
494 verbose etag https://registry.npmjs.org/requires-port from cache
495 verbose get saving requires-port to /Users/bryomckim/.npm/registry.npmjs.org/requires-port/.cache.json
496 silly resolveWithNewModule requires-port@0.0.1 checking installable status
497 silly cache add args [ 'requires-port@0.x.x', null ]
498 verbose cache add spec requires-port@0.x.x
499 silly cache add parsed spec Result {
499 silly cache add   raw: 'requires-port@0.x.x',
499 silly cache add   scope: null,
499 silly cache add   name: 'requires-port',
499 silly cache add   rawSpec: '0.x.x',
499 silly cache add   spec: '>=0.0.0 <1.0.0',
499 silly cache add   type: 'range' }
500 silly addNamed requires-port@>=0.0.0 <1.0.0
501 verbose addNamed ">=0.0.0 <1.0.0" is a valid semver range for requires-port
502 silly addNameRange { name: 'requires-port',
502 silly addNameRange   range: '>=0.0.0 <1.0.0',
502 silly addNameRange   hasData: false }
503 silly mapToRegistry name requires-port
504 silly mapToRegistry using default registry
505 silly mapToRegistry registry https://registry.npmjs.org/
506 silly mapToRegistry uri https://registry.npmjs.org/requires-port
507 verbose addNameRange registry:https://registry.npmjs.org/requires-port not in flight; fetching
508 silly resolveWithNewModule eventemitter3@1.1.1 checking installable status
509 silly cache add args [ 'eventemitter3@1.x.x', null ]
510 verbose cache add spec eventemitter3@1.x.x
511 silly cache add parsed spec Result {
511 silly cache add   raw: 'eventemitter3@1.x.x',
511 silly cache add   scope: null,
511 silly cache add   name: 'eventemitter3',
511 silly cache add   rawSpec: '1.x.x',
511 silly cache add   spec: '>=1.0.0 <2.0.0',
511 silly cache add   type: 'range' }
512 silly addNamed eventemitter3@>=1.0.0 <2.0.0
513 verbose addNamed ">=1.0.0 <2.0.0" is a valid semver range for eventemitter3
514 silly addNameRange { name: 'eventemitter3',
514 silly addNameRange   range: '>=1.0.0 <2.0.0',
514 silly addNameRange   hasData: false }
515 silly mapToRegistry name eventemitter3
516 silly mapToRegistry using default registry
517 silly mapToRegistry registry https://registry.npmjs.org/
518 silly mapToRegistry uri https://registry.npmjs.org/eventemitter3
519 verbose addNameRange registry:https://registry.npmjs.org/eventemitter3 not in flight; fetching
520 verbose get https://registry.npmjs.org/requires-port not expired, no request
521 silly addNameRange number 2 { name: 'requires-port', range: '>=0.0.0 <1.0.0', hasData: true }
522 silly addNameRange versions [ 'requires-port', [ '0.0.0', '0.0.1', '1.0.0' ] ]
523 silly addNamed requires-port@0.0.1
524 verbose addNamed "0.0.1" is a plain semver version for requires-port
525 verbose get https://registry.npmjs.org/eventemitter3 not expired, no request
526 silly addNameRange number 2 { name: 'eventemitter3', range: '>=1.0.0 <2.0.0', hasData: true }
527 silly addNameRange versions [ 'eventemitter3',
527 silly addNameRange   [ '0.0.0',
527 silly addNameRange     '0.0.1',
527 silly addNameRange     '0.1.0',
527 silly addNameRange     '0.1.1',
527 silly addNameRange     '0.1.2',
527 silly addNameRange     '0.1.3',
527 silly addNameRange     '0.1.4',
527 silly addNameRange     '0.1.5',
527 silly addNameRange     '0.1.6',
527 silly addNameRange     '1.0.0',
527 silly addNameRange     '1.0.1',
527 silly addNameRange     '1.0.2',
527 silly addNameRange     '1.0.3',
527 silly addNameRange     '1.1.0',
527 silly addNameRange     '1.1.1' ] ]
528 silly addNamed eventemitter3@1.1.1
529 verbose addNamed "1.1.1" is a plain semver version for eventemitter3
530 silly cache afterAdd requires-port@0.0.1
531 verbose afterAdd /Users/bryomckim/.npm/requires-port/0.0.1/package/package.json not in flight; writing
532 silly cache afterAdd eventemitter3@1.1.1
533 verbose afterAdd /Users/bryomckim/.npm/eventemitter3/1.1.1/package/package.json not in flight; writing
534 verbose afterAdd /Users/bryomckim/.npm/requires-port/0.0.1/package/package.json written
535 verbose afterAdd /Users/bryomckim/.npm/eventemitter3/1.1.1/package/package.json written
536 silly fetchNamedPackageData wordwrap
537 silly mapToRegistry name wordwrap
538 silly mapToRegistry using default registry
539 silly mapToRegistry registry https://registry.npmjs.org/
540 silly mapToRegistry uri https://registry.npmjs.org/wordwrap
541 silly fetchNamedPackageData minimist
542 silly mapToRegistry name minimist
543 silly mapToRegistry using default registry
544 silly mapToRegistry registry https://registry.npmjs.org/
545 silly mapToRegistry uri https://registry.npmjs.org/minimist
546 silly resolveWithNewModule minimist@0.0.10 checking installable status
547 silly cache add args [ 'minimist@~0.0.1', null ]
548 verbose cache add spec minimist@~0.0.1
549 silly cache add parsed spec Result {
549 silly cache add   raw: 'minimist@~0.0.1',
549 silly cache add   scope: null,
549 silly cache add   name: 'minimist',
549 silly cache add   rawSpec: '~0.0.1',
549 silly cache add   spec: '>=0.0.1 <0.1.0',
549 silly cache add   type: 'range' }
550 silly addNamed minimist@>=0.0.1 <0.1.0
551 verbose addNamed ">=0.0.1 <0.1.0" is a valid semver range for minimist
552 silly addNameRange { name: 'minimist', range: '>=0.0.1 <0.1.0', hasData: false }
553 silly mapToRegistry name minimist
554 silly mapToRegistry using default registry
555 silly mapToRegistry registry https://registry.npmjs.org/
556 silly mapToRegistry uri https://registry.npmjs.org/minimist
557 verbose addNameRange registry:https://registry.npmjs.org/minimist not in flight; fetching
558 verbose request uri https://registry.npmjs.org/wordwrap
559 verbose request no auth needed
560 info attempt registry request try #1 at 8:11:32 AM
561 verbose etag "73LBTAP4GYYX0WY7YM3IQ89SJ"
562 http request GET https://registry.npmjs.org/wordwrap
563 verbose get https://registry.npmjs.org/minimist not expired, no request
564 silly addNameRange number 2 { name: 'minimist', range: '>=0.0.1 <0.1.0', hasData: true }
565 silly addNameRange versions [ 'minimist',
565 silly addNameRange   [ '0.0.0',
565 silly addNameRange     '0.0.1',
565 silly addNameRange     '0.0.2',
565 silly addNameRange     '0.0.3',
565 silly addNameRange     '0.0.4',
565 silly addNameRange     '0.0.5',
565 silly addNameRange     '0.0.6',
565 silly addNameRange     '0.0.7',
565 silly addNameRange     '0.0.8',
565 silly addNameRange     '0.0.9',
565 silly addNameRange     '0.0.10',
565 silly addNameRange     '0.1.0',
565 silly addNameRange     '0.2.0',
565 silly addNameRange     '1.0.0',
565 silly addNameRange     '1.1.0',
565 silly addNameRange     '1.1.1',
565 silly addNameRange     '1.1.2',
565 silly addNameRange     '1.1.3',
565 silly addNameRange     '1.2.0' ] ]
566 silly addNamed minimist@0.0.10
567 verbose addNamed "0.0.10" is a plain semver version for minimist
568 silly cache afterAdd minimist@0.0.10
569 verbose afterAdd /Users/bryomckim/.npm/minimist/0.0.10/package/package.json not in flight; writing
570 verbose afterAdd /Users/bryomckim/.npm/minimist/0.0.10/package/package.json written
571 http 304 https://registry.npmjs.org/wordwrap
572 verbose headers { date: 'Wed, 04 Nov 2015 05:11:32 GMT',
572 verbose headers   via: '1.1 varnish',
572 verbose headers   'cache-control': 'max-age=60',
572 verbose headers   etag: '"73LBTAP4GYYX0WY7YM3IQ89SJ"',
572 verbose headers   age: '39',
572 verbose headers   connection: 'keep-alive',
572 verbose headers   'x-served-by': 'cache-lhr6328-LHR',
572 verbose headers   'x-cache': 'HIT',
572 verbose headers   'x-cache-hits': '1',
572 verbose headers   'x-timer': 'S1446613892.832639,VS0,VE0',
572 verbose headers   vary: 'Accept' }
573 silly get cb [ 304,
573 silly get   { date: 'Wed, 04 Nov 2015 05:11:32 GMT',
573 silly get     via: '1.1 varnish',
573 silly get     'cache-control': 'max-age=60',
573 silly get     etag: '"73LBTAP4GYYX0WY7YM3IQ89SJ"',
573 silly get     age: '39',
573 silly get     connection: 'keep-alive',
573 silly get     'x-served-by': 'cache-lhr6328-LHR',
573 silly get     'x-cache': 'HIT',
573 silly get     'x-cache-hits': '1',
573 silly get     'x-timer': 'S1446613892.832639,VS0,VE0',
573 silly get     vary: 'Accept' } ]
574 verbose etag https://registry.npmjs.org/wordwrap from cache
575 verbose get saving wordwrap to /Users/bryomckim/.npm/registry.npmjs.org/wordwrap/.cache.json
576 silly resolveWithNewModule wordwrap@0.0.3 checking installable status
577 silly cache add args [ 'wordwrap@~0.0.2', null ]
578 verbose cache add spec wordwrap@~0.0.2
579 silly cache add parsed spec Result {
579 silly cache add   raw: 'wordwrap@~0.0.2',
579 silly cache add   scope: null,
579 silly cache add   name: 'wordwrap',
579 silly cache add   rawSpec: '~0.0.2',
579 silly cache add   spec: '>=0.0.2 <0.1.0',
579 silly cache add   type: 'range' }
580 silly addNamed wordwrap@>=0.0.2 <0.1.0
581 verbose addNamed ">=0.0.2 <0.1.0" is a valid semver range for wordwrap
582 silly addNameRange { name: 'wordwrap', range: '>=0.0.2 <0.1.0', hasData: false }
583 silly mapToRegistry name wordwrap
584 silly mapToRegistry using default registry
585 silly mapToRegistry registry https://registry.npmjs.org/
586 silly mapToRegistry uri https://registry.npmjs.org/wordwrap
587 verbose addNameRange registry:https://registry.npmjs.org/wordwrap not in flight; fetching
588 verbose get https://registry.npmjs.org/wordwrap not expired, no request
589 silly addNameRange number 2 { name: 'wordwrap', range: '>=0.0.2 <0.1.0', hasData: true }
590 silly addNameRange versions [ 'wordwrap', [ '0.0.1', '0.0.2', '0.0.3', '1.0.0' ] ]
591 silly addNamed wordwrap@0.0.3
592 verbose addNamed "0.0.3" is a plain semver version for wordwrap
593 silly cache afterAdd wordwrap@0.0.3
594 verbose afterAdd /Users/bryomckim/.npm/wordwrap/0.0.3/package/package.json not in flight; writing
595 verbose afterAdd /Users/bryomckim/.npm/wordwrap/0.0.3/package/package.json written
596 silly fetchNamedPackageData async
597 silly mapToRegistry name async
598 silly mapToRegistry using default registry
599 silly mapToRegistry registry https://registry.npmjs.org/
600 silly mapToRegistry uri https://registry.npmjs.org/async
601 silly fetchNamedPackageData mkdirp
602 silly mapToRegistry name mkdirp
603 silly mapToRegistry using default registry
604 silly mapToRegistry registry https://registry.npmjs.org/
605 silly mapToRegistry uri https://registry.npmjs.org/mkdirp
606 verbose request uri https://registry.npmjs.org/async
607 verbose request no auth needed
608 info attempt registry request try #1 at 8:11:32 AM
609 verbose etag "CG7ILZCHQONLORM4DOCSTU4SP"
610 http request GET https://registry.npmjs.org/async
611 verbose request uri https://registry.npmjs.org/mkdirp
612 verbose request no auth needed
613 info attempt registry request try #1 at 8:11:32 AM
614 verbose etag "1UB4NNRWTFQ3VJ9JC6OMA4Z8T"
615 http request GET https://registry.npmjs.org/mkdirp
616 http 304 https://registry.npmjs.org/mkdirp
617 verbose headers { date: 'Wed, 04 Nov 2015 05:11:34 GMT',
617 verbose headers   via: '1.1 varnish',
617 verbose headers   'cache-control': 'max-age=60',
617 verbose headers   etag: '"1UB4NNRWTFQ3VJ9JC6OMA4Z8T"',
617 verbose headers   age: '32',
617 verbose headers   connection: 'keep-alive',
617 verbose headers   'x-served-by': 'cache-lhr6327-LHR',
617 verbose headers   'x-cache': 'HIT',
617 verbose headers   'x-cache-hits': '2',
617 verbose headers   'x-timer': 'S1446613894.380077,VS0,VE0',
617 verbose headers   vary: 'Accept' }
618 silly get cb [ 304,
618 silly get   { date: 'Wed, 04 Nov 2015 05:11:34 GMT',
618 silly get     via: '1.1 varnish',
618 silly get     'cache-control': 'max-age=60',
618 silly get     etag: '"1UB4NNRWTFQ3VJ9JC6OMA4Z8T"',
618 silly get     age: '32',
618 silly get     connection: 'keep-alive',
618 silly get     'x-served-by': 'cache-lhr6327-LHR',
618 silly get     'x-cache': 'HIT',
618 silly get     'x-cache-hits': '2',
618 silly get     'x-timer': 'S1446613894.380077,VS0,VE0',
618 silly get     vary: 'Accept' } ]
619 verbose etag https://registry.npmjs.org/mkdirp from cache
620 verbose get saving mkdirp to /Users/bryomckim/.npm/registry.npmjs.org/mkdirp/.cache.json
621 silly resolveWithNewModule mkdirp@0.5.1 checking installable status
622 silly cache add args [ 'mkdirp@0.5.x', null ]
623 verbose cache add spec mkdirp@0.5.x
624 silly cache add parsed spec Result {
624 silly cache add   raw: 'mkdirp@0.5.x',
624 silly cache add   scope: null,
624 silly cache add   name: 'mkdirp',
624 silly cache add   rawSpec: '0.5.x',
624 silly cache add   spec: '>=0.5.0 <0.6.0',
624 silly cache add   type: 'range' }
625 silly addNamed mkdirp@>=0.5.0 <0.6.0
626 verbose addNamed ">=0.5.0 <0.6.0" is a valid semver range for mkdirp
627 silly addNameRange { name: 'mkdirp', range: '>=0.5.0 <0.6.0', hasData: false }
628 silly mapToRegistry name mkdirp
629 silly mapToRegistry using default registry
630 silly mapToRegistry registry https://registry.npmjs.org/
631 silly mapToRegistry uri https://registry.npmjs.org/mkdirp
632 verbose addNameRange registry:https://registry.npmjs.org/mkdirp not in flight; fetching
633 verbose get https://registry.npmjs.org/mkdirp not expired, no request
634 silly addNameRange number 2 { name: 'mkdirp', range: '>=0.5.0 <0.6.0', hasData: true }
635 silly addNameRange versions [ 'mkdirp',
635 silly addNameRange   [ '0.0.1',
635 silly addNameRange     '0.0.2',
635 silly addNameRange     '0.0.3',
635 silly addNameRange     '0.0.4',
635 silly addNameRange     '0.0.5',
635 silly addNameRange     '0.0.6',
635 silly addNameRange     '0.0.7',
635 silly addNameRange     '0.1.0',
635 silly addNameRange     '0.2.0',
635 silly addNameRange     '0.2.1',
635 silly addNameRange     '0.2.2',
635 silly addNameRange     '0.3.0',
635 silly addNameRange     '0.3.1',
635 silly addNameRange     '0.3.2',
635 silly addNameRange     '0.3.3',
635 silly addNameRange     '0.3.4',
635 silly addNameRange     '0.3.5',
635 silly addNameRange     '0.4.0',
635 silly addNameRange     '0.4.1',
635 silly addNameRange     '0.4.2',
635 silly addNameRange     '0.5.0',
635 silly addNameRange     '0.5.1' ] ]
636 silly addNamed mkdirp@0.5.1
637 verbose addNamed "0.5.1" is a plain semver version for mkdirp
638 silly cache afterAdd mkdirp@0.5.1
639 verbose afterAdd /Users/bryomckim/.npm/mkdirp/0.5.1/package/package.json not in flight; writing
640 verbose afterAdd /Users/bryomckim/.npm/mkdirp/0.5.1/package/package.json written
641 http 304 https://registry.npmjs.org/async
642 verbose headers { date: 'Wed, 04 Nov 2015 05:11:34 GMT',
642 verbose headers   via: '1.1 varnish',
642 verbose headers   'cache-control': 'max-age=60',
642 verbose headers   etag: '"CG7ILZCHQONLORM4DOCSTU4SP"',
642 verbose headers   age: '0',
642 verbose headers   connection: 'keep-alive',
642 verbose headers   'x-served-by': 'cache-lhr6328-LHR',
642 verbose headers   'x-cache': 'HIT',
642 verbose headers   'x-cache-hits': '1',
642 verbose headers   'x-timer': 'S1446613894.378273,VS0,VE161',
642 verbose headers   vary: 'Accept' }
643 silly get cb [ 304,
643 silly get   { date: 'Wed, 04 Nov 2015 05:11:34 GMT',
643 silly get     via: '1.1 varnish',
643 silly get     'cache-control': 'max-age=60',
643 silly get     etag: '"CG7ILZCHQONLORM4DOCSTU4SP"',
643 silly get     age: '0',
643 silly get     connection: 'keep-alive',
643 silly get     'x-served-by': 'cache-lhr6328-LHR',
643 silly get     'x-cache': 'HIT',
643 silly get     'x-cache-hits': '1',
643 silly get     'x-timer': 'S1446613894.378273,VS0,VE161',
643 silly get     vary: 'Accept' } ]
644 verbose etag https://registry.npmjs.org/async from cache
645 verbose get saving async to /Users/bryomckim/.npm/registry.npmjs.org/async/.cache.json
646 silly resolveWithNewModule async@0.9.0 checking installable status
647 silly cache add args [ 'async@0.9.0', null ]
648 verbose cache add spec async@0.9.0
649 silly cache add parsed spec Result {
649 silly cache add   raw: 'async@0.9.0',
649 silly cache add   scope: null,
649 silly cache add   name: 'async',
649 silly cache add   rawSpec: '0.9.0',
649 silly cache add   spec: '0.9.0',
649 silly cache add   type: 'version' }
650 silly addNamed async@0.9.0
651 verbose addNamed "0.9.0" is a plain semver version for async
652 silly mapToRegistry name async
653 silly mapToRegistry using default registry
654 silly mapToRegistry registry https://registry.npmjs.org/
655 silly mapToRegistry uri https://registry.npmjs.org/async
656 verbose addNameVersion registry:https://registry.npmjs.org/async not in flight; fetching
657 verbose get https://registry.npmjs.org/async not expired, no request
658 silly cache afterAdd async@0.9.0
659 verbose afterAdd /Users/bryomckim/.npm/async/0.9.0/package/package.json not in flight; writing
660 verbose afterAdd /Users/bryomckim/.npm/async/0.9.0/package/package.json written
661 silly fetchNamedPackageData minimist
662 silly mapToRegistry name minimist
663 silly mapToRegistry using default registry
664 silly mapToRegistry registry https://registry.npmjs.org/
665 silly mapToRegistry uri https://registry.npmjs.org/minimist
666 silly resolveWithNewModule minimist@0.0.8 checking installable status
667 silly cache add args [ 'minimist@0.0.8', null ]
668 verbose cache add spec minimist@0.0.8
669 silly cache add parsed spec Result {
669 silly cache add   raw: 'minimist@0.0.8',
669 silly cache add   scope: null,
669 silly cache add   name: 'minimist',
669 silly cache add   rawSpec: '0.0.8',
669 silly cache add   spec: '0.0.8',
669 silly cache add   type: 'version' }
670 silly addNamed minimist@0.0.8
671 verbose addNamed "0.0.8" is a plain semver version for minimist
672 silly mapToRegistry name minimist
673 silly mapToRegistry using default registry
674 silly mapToRegistry registry https://registry.npmjs.org/
675 silly mapToRegistry uri https://registry.npmjs.org/minimist
676 verbose addNameVersion registry:https://registry.npmjs.org/minimist not in flight; fetching
677 verbose get https://registry.npmjs.org/minimist not expired, no request
678 silly cache afterAdd minimist@0.0.8
679 verbose afterAdd /Users/bryomckim/.npm/minimist/0.0.8/package/package.json not in flight; writing
680 verbose afterAdd /Users/bryomckim/.npm/minimist/0.0.8/package/package.json written
681 silly fetchNamedPackageData qs
682 silly mapToRegistry name qs
683 silly mapToRegistry using default registry
684 silly mapToRegistry registry https://registry.npmjs.org/
685 silly mapToRegistry uri https://registry.npmjs.org/qs
686 verbose request uri https://registry.npmjs.org/qs
687 verbose request no auth needed
688 info attempt registry request try #1 at 8:11:34 AM
689 verbose etag "2BA3MMB02AKO4HQ1EDPRIOP38"
690 http request GET https://registry.npmjs.org/qs
691 http 304 https://registry.npmjs.org/qs
692 verbose headers { date: 'Wed, 04 Nov 2015 05:11:35 GMT',
692 verbose headers   via: '1.1 varnish',
692 verbose headers   'cache-control': 'max-age=60',
692 verbose headers   etag: '"2BA3MMB02AKO4HQ1EDPRIOP38"',
692 verbose headers   age: '9',
692 verbose headers   connection: 'keep-alive',
692 verbose headers   'x-served-by': 'cache-lhr6331-LHR',
692 verbose headers   'x-cache': 'HIT',
692 verbose headers   'x-cache-hits': '56',
692 verbose headers   'x-timer': 'S1446613895.119705,VS0,VE0',
692 verbose headers   vary: 'Accept' }
693 silly get cb [ 304,
693 silly get   { date: 'Wed, 04 Nov 2015 05:11:35 GMT',
693 silly get     via: '1.1 varnish',
693 silly get     'cache-control': 'max-age=60',
693 silly get     etag: '"2BA3MMB02AKO4HQ1EDPRIOP38"',
693 silly get     age: '9',
693 silly get     connection: 'keep-alive',
693 silly get     'x-served-by': 'cache-lhr6331-LHR',
693 silly get     'x-cache': 'HIT',
693 silly get     'x-cache-hits': '56',
693 silly get     'x-timer': 'S1446613895.119705,VS0,VE0',
693 silly get     vary: 'Accept' } ]
694 verbose etag https://registry.npmjs.org/qs from cache
695 verbose get saving qs to /Users/bryomckim/.npm/registry.npmjs.org/qs/.cache.json
696 silly resolveWithNewModule qs@2.3.3 checking installable status
697 silly cache add args [ 'qs@~2.3.3', null ]
698 verbose cache add spec qs@~2.3.3
699 silly cache add parsed spec Result {
699 silly cache add   raw: 'qs@~2.3.3',
699 silly cache add   scope: null,
699 silly cache add   name: 'qs',
699 silly cache add   rawSpec: '~2.3.3',
699 silly cache add   spec: '>=2.3.3 <2.4.0',
699 silly cache add   type: 'range' }
700 silly addNamed qs@>=2.3.3 <2.4.0
701 verbose addNamed ">=2.3.3 <2.4.0" is a valid semver range for qs
702 silly addNameRange { name: 'qs', range: '>=2.3.3 <2.4.0', hasData: false }
703 silly mapToRegistry name qs
704 silly mapToRegistry using default registry
705 silly mapToRegistry registry https://registry.npmjs.org/
706 silly mapToRegistry uri https://registry.npmjs.org/qs
707 verbose addNameRange registry:https://registry.npmjs.org/qs not in flight; fetching
708 verbose get https://registry.npmjs.org/qs not expired, no request
709 silly addNameRange number 2 { name: 'qs', range: '>=2.3.3 <2.4.0', hasData: true }
710 silly addNameRange versions [ 'qs',
710 silly addNameRange   [ '0.0.1',
710 silly addNameRange     '0.0.2',
710 silly addNameRange     '0.0.3',
710 silly addNameRange     '0.0.4',
710 silly addNameRange     '0.0.5',
710 silly addNameRange     '0.0.6',
710 silly addNameRange     '0.0.7',
710 silly addNameRange     '0.1.0',
710 silly addNameRange     '0.2.0',
710 silly addNameRange     '0.3.0',
710 silly addNameRange     '0.3.1',
710 silly addNameRange     '0.3.2',
710 silly addNameRange     '0.4.0',
710 silly addNameRange     '0.4.1',
710 silly addNameRange     '0.4.2',
710 silly addNameRange     '0.5.0',
710 silly addNameRange     '0.5.1',
710 silly addNameRange     '0.5.2',
710 silly addNameRange     '0.5.3',
710 silly addNameRange     '0.5.4',
710 silly addNameRange     '0.5.5',
710 silly addNameRange     '0.5.6',
710 silly addNameRange     '0.6.0',
710 silly addNameRange     '0.6.1',
710 silly addNameRange     '0.6.2',
710 silly addNameRange     '0.6.3',
710 silly addNameRange     '0.6.4',
710 silly addNameRange     '0.6.5',
710 silly addNameRange     '0.6.6',
710 silly addNameRange     '1.0.0',
710 silly addNameRange     '1.0.1',
710 silly addNameRange     '1.0.2',
710 silly addNameRange     '1.1.0',
710 silly addNameRange     '1.2.0',
710 silly addNameRange     '1.2.1',
710 silly addNameRange     '1.2.2',
710 silly addNameRange     '2.0.0',
710 silly addNameRange     '2.1.0',
710 silly addNameRange     '2.2.0',
710 silly addNameRange     '2.2.1',
710 silly addNameRange     '2.2.2',
710 silly addNameRange     '2.2.3',
710 silly addNameRange     '2.2.4',
710 silly addNameRange     '2.2.5',
710 silly addNameRange     '2.3.0',
710 silly addNameRange     '2.3.1',
710 silly addNameRange     '2.3.2',
710 silly addNameRange     '2.3.3',
710 silly addNameRange     '2.4.0',
710 silly addNameRange     '2.4.1',
710 silly addNameRange     '2.4.2',
710 silly addNameRange     '3.0.0',
710 silly addNameRange     '3.1.0',
710 silly addNameRange     '4.0.0',
710 silly addNameRange     '5.0.0',
710 silly addNameRange     '5.1.0',
710 silly addNameRange     '5.2.0',
710 silly addNameRange     '6.0.0' ] ]
711 silly addNamed qs@2.3.3
712 verbose addNamed "2.3.3" is a plain semver version for qs
713 silly cache afterAdd qs@2.3.3
714 verbose afterAdd /Users/bryomckim/.npm/qs/2.3.3/package/package.json not in flight; writing
715 verbose afterAdd /Users/bryomckim/.npm/qs/2.3.3/package/package.json written
716 silly loadAllDepsIntoIdealTree Finishing
717 silly idealTree:prePrune /usr/local/lib
717 silly idealTree:prePrune  http-server@0.8.5
717 silly idealTree:prePrune    async@0.9.0
717 silly idealTree:prePrune    colors@1.0.3
717 silly idealTree:prePrune    corser@2.0.0
717 silly idealTree:prePrune    ecstatic@0.7.6
717 silly idealTree:prePrune    eventemitter3@1.1.1
717 silly idealTree:prePrune    he@0.5.0
717 silly idealTree:prePrune    http-proxy@1.12.0
717 silly idealTree:prePrune    mime@1.3.4
717 silly idealTree:prePrune    minimist@1.2.0
717 silly idealTree:prePrune    mkdirp@0.5.1
717 silly idealTree:prePrune     minimist@0.0.8
717 silly idealTree:prePrune    opener@1.4.1
717 silly idealTree:prePrune    optimist@0.6.1
717 silly idealTree:prePrune     minimist@0.0.10
717 silly idealTree:prePrune    portfinder@0.4.0
717 silly idealTree:prePrune    qs@2.3.3
717 silly idealTree:prePrune    requires-port@0.0.1
717 silly idealTree:prePrune    union@0.4.4
717 silly idealTree:prePrune    url-join@0.0.1
717 silly idealTree:prePrune    wordwrap@0.0.3
718 silly loadIdealTree Finishing
719 silly currentTree /usr/local/lib
720 silly idealTree /usr/local/lib
720 silly idealTree  http-server@0.8.5
720 silly idealTree    async@0.9.0
720 silly idealTree    colors@1.0.3
720 silly idealTree    corser@2.0.0
720 silly idealTree    ecstatic@0.7.6
720 silly idealTree    eventemitter3@1.1.1
720 silly idealTree    he@0.5.0
720 silly idealTree    http-proxy@1.12.0
720 silly idealTree    mime@1.3.4
720 silly idealTree    minimist@1.2.0
720 silly idealTree    mkdirp@0.5.1
720 silly idealTree     minimist@0.0.8
720 silly idealTree    opener@1.4.1
720 silly idealTree    optimist@0.6.1
720 silly idealTree     minimist@0.0.10
720 silly idealTree    portfinder@0.4.0
720 silly idealTree    qs@2.3.3
720 silly idealTree    requires-port@0.0.1
720 silly idealTree    union@0.4.4
720 silly idealTree    url-join@0.0.1
720 silly idealTree    wordwrap@0.0.3
721 silly generateActionsToTake Starting
722 silly install generateActionsToTake
723 warn checkPermissions Missing write access to /usr/local/lib/node_modules
724 silly rollbackFailedOptional Starting
725 silly rollbackFailedOptional Finishing
726 silly runTopLevelLifecycles Starting
727 silly runTopLevelLifecycles Finishing
728 silly install printInstalled
729 verbose stack Error: EACCES: permission denied, access '/usr/local/lib/node_modules'
729 verbose stack     at Error (native)
730 verbose cwd /Users/bryomckim/Andela/inverted-index
731 error Darwin 14.5.0
732 error argv "/usr/local/bin/node" "/usr/local/bin/npm" "install" "-g" "http-server"
733 error node v5.0.0
734 error npm  v3.3.6
735 error path /usr/local/lib/node_modules
736 error code EACCES
737 error errno -13
738 error syscall access
739 error Error: EACCES: permission denied, access '/usr/local/lib/node_modules'
739 error     at Error (native)
739 error  { [Error: EACCES: permission denied, access '/usr/local/lib/node_modules']
739 error   errno: -13,
739 error   code: 'EACCES',
739 error   syscall: 'access',
739 error   path: '/usr/local/lib/node_modules' }
740 error Please try running this command again as root/Administrator.
741 verbose exit [ -13, true ]
